{
  "0 debug pnpm:scope": {
    "selected": 1
  },
  "1 debug pnpm:package-manifest": {
    "initial": {
      "name": "rentals",
      "version": "0.0.1",
      "scripts": {
        "dev": "vite dev",
        "build": "vite build",
        "preview": "vite preview",
        "test": "playwright test",
        "check": "svelte-kit sync && svelte-check --tsconfig ./tsconfig.json",
        "check:watch": "svelte-kit sync && svelte-check --tsconfig ./tsconfig.json --watch",
        "test:unit": "vitest",
        "lint": "prettier --plugin-search-dir . --check . && eslint .",
        "format": "prettier --plugin-search-dir . --write ."
      },
      "devDependencies": {
        "@fontsource/fira-mono": "^4.5.10",
        "@neoconfetti/svelte": "^1.0.0",
        "@playwright/test": "^1.28.1",
        "@sveltejs/adapter-auto": "^1.0.0",
        "@sveltejs/kit": "^1.0.0",
        "@types/cookie": "^0.5.1",
        "@typescript-eslint/eslint-plugin": "^5.45.0",
        "@typescript-eslint/parser": "^5.45.0",
        "eslint": "^8.28.0",
        "eslint-config-prettier": "^8.5.0",
        "eslint-plugin-svelte3": "^4.0.0",
        "prettier": "^2.8.0",
        "prettier-plugin-svelte": "^2.8.1",
        "svelte": "^3.54.0",
        "svelte-check": "^3.0.1",
        "tslib": "^2.4.1",
        "typescript": "^4.9.3",
        "vite": "^4.0.0",
        "vitest": "^0.25.3"
      },
      "type": "module"
    },
    "prefix": "/home/r7lemieux/ws/re/rentals"
  },
  "2 debug pnpm:context": {
    "currentLockfileExists": false,
    "storeDir": "/home/r7lemieux/.pnpm-store/v3",
    "virtualStoreDir": "/home/r7lemieux/ws/re/rentals/node_modules/.pnpm"
  },
  "3 debug pnpm:stage": {
    "prefix": "/home/r7lemieux/ws/re/rentals",
    "stage": "resolution_started"
  },
  "4 debug pnpm:_dependency_resolved": {
    "resolution": "registry.npmjs.org/tslib/2.5.0",
    "wanted": {
      "dependentId": ".",
      "name": "tslib",
      "rawSpec": "^2.4.1"
    }
  },
  "5 debug pnpm:progress": {
    "packageId": "registry.npmjs.org/tslib/2.5.0",
    "requester": "/home/r7lemieux/ws/re/rentals",
    "status": "resolved"
  },
  "6 debug pnpm:_dependency_resolved": {
    "resolution": "registry.npmjs.org/@types/cookie/0.5.1",
    "wanted": {
      "dependentId": ".",
      "name": "@types/cookie",
      "rawSpec": "^0.5.1"
    }
  },
  "7 debug pnpm:progress": {
    "packageId": "registry.npmjs.org/@types/cookie/0.5.1",
    "requester": "/home/r7lemieux/ws/re/rentals",
    "status": "resolved"
  },
  "8 debug pnpm:_dependency_resolved": {
    "resolution": "registry.npmjs.org/eslint-config-prettier/8.6.0",
    "wanted": {
      "dependentId": ".",
      "name": "eslint-config-prettier",
      "rawSpec": "^8.5.0"
    }
  },
  "9 debug pnpm:progress": {
    "packageId": "registry.npmjs.org/eslint-config-prettier/8.6.0",
    "requester": "/home/r7lemieux/ws/re/rentals",
    "status": "resolved"
  },
  "10 debug pnpm:fetching-progress": {
    "attempt": 1,
    "packageId": "registry.npmjs.org/tslib/2.5.0",
    "size": 12652,
    "status": "started"
  },
  "11 debug pnpm:_dependency_resolved": {
    "resolution": "registry.npmjs.org/eslint/8.33.0",
    "wanted": {
      "dependentId": ".",
      "name": "eslint",
      "rawSpec": "^8.28.0"
    }
  },
  "12 debug pnpm:progress": {
    "packageId": "registry.npmjs.org/eslint/8.33.0",
    "requester": "/home/r7lemieux/ws/re/rentals",
    "status": "resolved"
  },
  "13 debug pnpm:update-check": {
    "currentVersion": "6.11.0",
    "latestVersion": "7.26.3"
  },
  "14 debug pnpm:_dependency_resolved": {
    "resolution": "registry.npmjs.org/prettier/2.8.3",
    "wanted": {
      "dependentId": ".",
      "name": "prettier",
      "rawSpec": "^2.8.0"
    }
  },
  "15 debug pnpm:progress": {
    "packageId": "registry.npmjs.org/prettier/2.8.3",
    "requester": "/home/r7lemieux/ws/re/rentals",
    "status": "resolved"
  },
  "16 debug pnpm:fetching-progress": {
    "attempt": 1,
    "packageId": "registry.npmjs.org/eslint-config-prettier/8.6.0",
    "size": 5289,
    "status": "started"
  },
  "17 debug pnpm:progress": {
    "packageId": "registry.npmjs.org/eslint-config-prettier/8.6.0",
    "requester": "/home/r7lemieux/ws/re/rentals",
    "status": "fetched"
  },
  "18 debug pnpm:fetching-progress": {
    "attempt": 1,
    "packageId": "registry.npmjs.org/eslint/8.33.0",
    "size": 531062,
    "status": "started"
  },
  "19 debug pnpm:fetching-progress": {
    "attempt": 1,
    "packageId": "registry.npmjs.org/prettier/2.8.3",
    "size": 2830865,
    "status": "started"
  },
  "20 debug pnpm:progress": {
    "packageId": "registry.npmjs.org/tslib/2.5.0",
    "requester": "/home/r7lemieux/ws/re/rentals",
    "status": "fetched"
  },
  "21 debug pnpm:_dependency_resolved": {
    "resolution": "registry.npmjs.org/eslint-plugin-svelte3/4.0.0",
    "wanted": {
      "dependentId": ".",
      "name": "eslint-plugin-svelte3",
      "rawSpec": "^4.0.0"
    }
  },
  "22 debug pnpm:progress": {
    "packageId": "registry.npmjs.org/eslint-plugin-svelte3/4.0.0",
    "requester": "/home/r7lemieux/ws/re/rentals",
    "status": "resolved"
  },
  "23 debug pnpm:fetching-progress": {
    "attempt": 1,
    "packageId": "registry.npmjs.org/@types/cookie/0.5.1",
    "size": 3443,
    "status": "started"
  },
  "24 debug pnpm:progress": {
    "packageId": "registry.npmjs.org/@types/cookie/0.5.1",
    "requester": "/home/r7lemieux/ws/re/rentals",
    "status": "fetched"
  },
  "25 debug pnpm:fetching-progress": {
    "attempt": 1,
    "packageId": "registry.npmjs.org/eslint-plugin-svelte3/4.0.0",
    "size": 13112,
    "status": "started"
  },
  "26 debug pnpm:progress": {
    "packageId": "registry.npmjs.org/eslint-plugin-svelte3/4.0.0",
    "requester": "/home/r7lemieux/ws/re/rentals",
    "status": "fetched"
  },
  "27 debug pnpm:_dependency_resolved": {
    "resolution": "registry.npmjs.org/prettier-plugin-svelte/2.9.0",
    "wanted": {
      "dependentId": ".",
      "name": "prettier-plugin-svelte",
      "rawSpec": "^2.8.1"
    }
  },
  "28 debug pnpm:progress": {
    "packageId": "registry.npmjs.org/prettier-plugin-svelte/2.9.0",
    "requester": "/home/r7lemieux/ws/re/rentals",
    "status": "resolved"
  },
  "29 debug pnpm:_dependency_resolved": {
    "resolution": "registry.npmjs.org/svelte/3.55.1",
    "wanted": {
      "dependentId": ".",
      "name": "svelte",
      "rawSpec": "^3.54.0"
    }
  },
  "30 debug pnpm:progress": {
    "packageId": "registry.npmjs.org/svelte/3.55.1",
    "requester": "/home/r7lemieux/ws/re/rentals",
    "status": "resolved"
  },
  "31 debug pnpm:_dependency_resolved": {
    "resolution": "registry.npmjs.org/@neoconfetti/svelte/1.0.0",
    "wanted": {
      "dependentId": ".",
      "name": "@neoconfetti/svelte",
      "rawSpec": "^1.0.0"
    }
  },
  "32 debug pnpm:progress": {
    "packageId": "registry.npmjs.org/@neoconfetti/svelte/1.0.0",
    "requester": "/home/r7lemieux/ws/re/rentals",
    "status": "resolved"
  },
  "33 debug pnpm:fetching-progress": {
    "attempt": 1,
    "packageId": "registry.npmjs.org/prettier-plugin-svelte/2.9.0",
    "size": 52335,
    "status": "started"
  },
  "34 debug pnpm:fetching-progress": {
    "attempt": 1,
    "packageId": "registry.npmjs.org/svelte/3.55.1",
    "size": 1777502,
    "status": "started"
  },
  "35 debug pnpm:progress": {
    "packageId": "registry.npmjs.org/eslint/8.33.0",
    "requester": "/home/r7lemieux/ws/re/rentals",
    "status": "fetched"
  },
  "36 debug pnpm:_dependency_resolved": {
    "resolution": "registry.npmjs.org/@fontsource/fira-mono/4.5.10",
    "wanted": {
      "dependentId": ".",
      "name": "@fontsource/fira-mono",
      "rawSpec": "^4.5.10"
    }
  },
  "37 debug pnpm:progress": {
    "packageId": "registry.npmjs.org/@fontsource/fira-mono/4.5.10",
    "requester": "/home/r7lemieux/ws/re/rentals",
    "status": "resolved"
  },
  "38 debug pnpm:progress": {
    "packageId": "registry.npmjs.org/prettier-plugin-svelte/2.9.0",
    "requester": "/home/r7lemieux/ws/re/rentals",
    "status": "fetched"
  },
  "39 debug pnpm:_dependency_resolved": {
    "resolution": "registry.npmjs.org/svelte-check/3.0.3",
    "wanted": {
      "dependentId": ".",
      "name": "svelte-check",
      "rawSpec": "^3.0.1"
    }
  },
  "40 debug pnpm:progress": {
    "packageId": "registry.npmjs.org/svelte-check/3.0.3",
    "requester": "/home/r7lemieux/ws/re/rentals",
    "status": "resolved"
  },
  "41 debug pnpm:fetching-progress": {
    "attempt": 1,
    "packageId": "registry.npmjs.org/svelte-check/3.0.3",
    "size": 679872,
    "status": "started"
  },
  "42 debug pnpm:_dependency_resolved": {
    "resolution": "registry.npmjs.org/@sveltejs/adapter-auto/1.0.2",
    "wanted": {
      "dependentId": ".",
      "name": "@sveltejs/adapter-auto",
      "rawSpec": "^1.0.0"
    }
  },
  "43 debug pnpm:progress": {
    "packageId": "registry.npmjs.org/@sveltejs/adapter-auto/1.0.2",
    "requester": "/home/r7lemieux/ws/re/rentals",
    "status": "resolved"
  },
  "44 debug pnpm:fetching-progress": {
    "attempt": 1,
    "packageId": "registry.npmjs.org/@neoconfetti/svelte/1.0.0",
    "size": 7937,
    "status": "started"
  },
  "45 debug pnpm:progress": {
    "packageId": "registry.npmjs.org/@neoconfetti/svelte/1.0.0",
    "requester": "/home/r7lemieux/ws/re/rentals",
    "status": "fetched"
  },
  "46 debug pnpm:fetching-progress": {
    "attempt": 1,
    "packageId": "registry.npmjs.org/@fontsource/fira-mono/4.5.10",
    "size": 958588,
    "status": "started"
  },
  "47 debug pnpm:progress": {
    "packageId": "registry.npmjs.org/prettier/2.8.3",
    "requester": "/home/r7lemieux/ws/re/rentals",
    "status": "fetched"
  },
  "48 debug pnpm:_dependency_resolved": {
    "resolution": "registry.npmjs.org/@typescript-eslint/eslint-plugin/5.50.0",
    "wanted": {
      "dependentId": ".",
      "name": "@typescript-eslint/eslint-plugin",
      "rawSpec": "^5.45.0"
    }
  },
  "49 debug pnpm:progress": {
    "packageId": "registry.npmjs.org/@typescript-eslint/eslint-plugin/5.50.0",
    "requester": "/home/r7lemieux/ws/re/rentals",
    "status": "resolved"
  },
  "50 debug pnpm:fetching-progress": {
    "attempt": 1,
    "packageId": "registry.npmjs.org/@sveltejs/adapter-auto/1.0.2",
    "size": 2924,
    "status": "started"
  },
  "51 debug pnpm:progress": {
    "packageId": "registry.npmjs.org/@sveltejs/adapter-auto/1.0.2",
    "requester": "/home/r7lemieux/ws/re/rentals",
    "status": "fetched"
  },
  "52 debug pnpm:fetching-progress": {
    "attempt": 1,
    "packageId": "registry.npmjs.org/@typescript-eslint/eslint-plugin/5.50.0",
    "size": 414295,
    "status": "started"
  },
  "53 debug pnpm:_dependency_resolved": {
    "resolution": "registry.npmjs.org/vitest/0.25.8",
    "wanted": {
      "dependentId": ".",
      "name": "vitest",
      "rawSpec": "^0.25.3"
    }
  },
  "54 debug pnpm:progress": {
    "packageId": "registry.npmjs.org/vitest/0.25.8",
    "requester": "/home/r7lemieux/ws/re/rentals",
    "status": "resolved"
  },
  "55 debug pnpm:fetching-progress": {
    "attempt": 1,
    "packageId": "registry.npmjs.org/vitest/0.25.8",
    "size": 344014,
    "status": "started"
  },
  "56 debug pnpm:_dependency_resolved": {
    "resolution": "registry.npmjs.org/@playwright/test/1.30.0",
    "wanted": {
      "dependentId": ".",
      "name": "@playwright/test",
      "rawSpec": "^1.28.1"
    }
  },
  "57 debug pnpm:progress": {
    "packageId": "registry.npmjs.org/@playwright/test/1.30.0",
    "requester": "/home/r7lemieux/ws/re/rentals",
    "status": "resolved"
  },
  "58 debug pnpm:_dependency_resolved": {
    "resolution": "registry.npmjs.org/vite/4.1.1",
    "wanted": {
      "dependentId": ".",
      "name": "vite",
      "rawSpec": "^4.0.0"
    }
  },
  "59 debug pnpm:progress": {
    "packageId": "registry.npmjs.org/vite/4.1.1",
    "requester": "/home/r7lemieux/ws/re/rentals",
    "status": "resolved"
  },
  "60 debug pnpm:_dependency_resolved": {
    "resolution": "registry.npmjs.org/@sveltejs/kit/1.3.10",
    "wanted": {
      "dependentId": ".",
      "name": "@sveltejs/kit",
      "rawSpec": "^1.0.0"
    }
  },
  "61 warn pnpm:install-check": {
    "message": "Unsupported engine for registry.npmjs.org/@sveltejs/kit/1.3.10: wanted: {\"node\":\"^16.14 || >=18\"} (current: {\"node\":\"v17.3.1\",\"pnpm\":\"6.11.0\"})",
    "prefix": "/home/r7lemieux/ws/re/rentals"
  },
  "62 error pnpm": {
    "code": "ERR_PNPM_UNSUPPORTED_ENGINE",
    "packageId": "registry.npmjs.org/@sveltejs/kit/1.3.10",
    "wanted": {
      "node": "^16.14 || >=18"
    },
    "current": {
      "node": "v17.3.1",
      "pnpm": "6.11.0"
    },
    "err": {
      "name": "Error",
      "message": "Unsupported engine for registry.npmjs.org/@sveltejs/kit/1.3.10: wanted: {\"node\":\"^16.14 || >=18\"} (current: {\"node\":\"v17.3.1\",\"pnpm\":\"6.11.0\"})",
      "code": "ERR_PNPM_UNSUPPORTED_ENGINE",
      "stack": "Error: Unsupported engine for registry.npmjs.org/@sveltejs/kit/1.3.10: wanted: {\"node\":\"^16.14 || >=18\"} (current: {\"node\":\"v17.3.1\",\"pnpm\":\"6.11.0\"})\n    at Object.checkEngine [as default] (/home/r7lemieux/.node/corepack/pnpm/6.11.0/dist/pnpm.cjs:35213:16)\n    at checkPackage (/home/r7lemieux/.node/corepack/pnpm/6.11.0/dist/pnpm.cjs:35357:99)\n    at Object.packageIsInstallable [as default] (/home/r7lemieux/.node/corepack/pnpm/6.11.0/dist/pnpm.cjs:35327:20)\n    at resolveDependency (/home/r7lemieux/.node/corepack/pnpm/6.11.0/dist/pnpm.cjs:110715:81)\n    at runMicrotasks (<anonymous>)\n    at processTicksAndRejections (node:internal/process/task_queues:96:5)\n    at async resolveDependenciesOfDependency (/home/r7lemieux/.node/corepack/pnpm/6.11.0/dist/pnpm.cjs:110452:39)\n    at async Promise.all (index 4)\n    at async Object.resolveDependencies [as default] (/home/r7lemieux/.node/corepack/pnpm/6.11.0/dist/pnpm.cjs:110422:29)\n    at async /home/r7lemieux/.node/corepack/pnpm/6.11.0/dist/pnpm.cjs:110937:47"
    }
  }
}